<?xml version="1.0" encoding="UTF-8"?>
<!-- Generated by org.testng.reporters.JUnitReportReporter -->
<testsuite skipped="0" hostname="DESKTOP-M3E2BR1" name="testcases.EditLead" tests="1" failures="0" timestamp="2021-02-25T05:40:51 IST" time="11.309" errors="0">
  <testcase name="runEditLead" time="11.309" classname="testcases.EditLead"/>
  <system-out/>
</testsuite> <!-- testcases.EditLead -->
