<?xml version="1.0" encoding="UTF-8"?>
<!-- Generated by org.testng.reporters.JUnitReportReporter -->
<testsuite skipped="0" hostname="DESKTOP-M3E2BR1" name="testcases.CreateLead" tests="1" failures="0" timestamp="2021-02-25T05:40:51 IST" time="11.829" errors="0">
  <testcase name="runCreateLead" time="11.829" classname="testcases.CreateLead"/>
  <system-out/>
</testsuite> <!-- testcases.CreateLead -->
